<?xml version="1.0" encoding="UTF-8"?>
<!-- Generated by org.testng.reporters.JUnitReportReporter -->
<testsuite skipped="0" hostname="IBM-Testing01" name="demoWebTESTS.RegisterLogin" tests="2" failures="0" timestamp="09 Jan 2020 06:45:08 GMT" time="37.801" errors="0">
  <testcase name="checkregister" time="20.575" classname="demoWebTESTS.RegisterLogin"/>
  <testcase name="checklogin" time="17.226" classname="demoWebTESTS.RegisterLogin"/>
</testsuite> <!-- demoWebTESTS.RegisterLogin -->
