<?xml version="1.0" encoding="UTF-8"?>
<!-- Generated by org.testng.reporters.JUnitReportReporter -->
<testsuite skipped="0" hostname="IBM-Testing01" name="demoWebTESTS.VerifyRegister" tests="1" failures="0" timestamp="09 Jan 2020 07:09:26 GMT" time="17.727" errors="0">
  <testcase name="checkRegister" time="17.727" classname="demoWebTESTS.VerifyRegister"/>
</testsuite> <!-- demoWebTESTS.VerifyRegister -->
