<?xml version="1.0" encoding="UTF-8"?>
<!-- Generated by org.testng.reporters.JUnitReportReporter -->
<testsuite skipped="0" hostname="IBM-Testing01" name="groupsPackage.Testgroup1" tests="3" failures="0" timestamp="08 Jan 2020 08:57:00 GMT" time="0.023" errors="0">
  <testcase name="test2" time="0.003" classname="groupsPackage.Testgroup1"/>
  <testcase name="test1" time="0.018" classname="groupsPackage.Testgroup1"/>
  <testcase name="test3" time="0.002" classname="groupsPackage.Testgroup1"/>
</testsuite> <!-- groupsPackage.Testgroup1 -->
