<?xml version="1.0" encoding="UTF-8"?>
<!-- Generated by org.testng.reporters.JUnitReportReporter -->
<testsuite skipped="0" hostname="IBM-Testing01" name="groupsPackage.Testgroup2" tests="1" failures="0" timestamp="08 Jan 2020 08:57:00 GMT" time="0.001" errors="0">
  <testcase name="test3" time="0.001" classname="groupsPackage.Testgroup2"/>
</testsuite> <!-- groupsPackage.Testgroup2 -->
